生成启动时间为 2016/3/29 21:31:29。
     1>项目“G:\我的坚果云\比特C语言上课程序\哈希表\哈希表\哈希表.vcxproj”在节点 2 上(Build 个目标)。
     1>ClCompile:
         E:\工具\VS2015\VC\bin\CL.exe /c /ZI /nologo /W3 /WX- /sdl /Od /Oy- /D WIN32 /D _DEBUG /D _CONSOLE /D _UNICODE /D UNICODE /Gm /EHsc /RTC1 /MDd /GS /fp:precise /Zc:wchar_t /Zc:forScope /Zc:inline /Fo"Debug\\" /Fd"Debug\vc140.pdb" /Gd /TP /analyze- /errorReport:prompt "源.cpp"
         源.cpp
     1>g:\我的坚果云\比特c语言上课程序\哈希表\哈希表\哈希桶.h(217): warning C4018: “<”: 有符号/无符号不匹配
         g:\我的坚果云\比特c语言上课程序\哈希表\哈希表\哈希桶.h(216): note: 编译类 模板 成员函数“void HashTable<int,int,HashFuncer<K>>::Print(void)”时
                 with
                 [
                     K=int
                 ]
         g:\我的坚果云\比特c语言上课程序\哈希表\哈希表\源.cpp(56): note: 参见对正在编译的函数 模板 实例化“void HashTable<int,int,HashFuncer<K>>::Print(void)”的引用
                 with
                 [
                     K=int
                 ]
         g:\我的坚果云\比特c语言上课程序\哈希表\哈希表\源.cpp(51): note: 参见对正在编译的类 模板 实例化“HashTable<int,int,HashFuncer<K>>”的引用
                 with
                 [
                     K=int
                 ]
     1>g:\我的坚果云\比特c语言上课程序\哈希表\哈希表\哈希桶.h(102): warning C4018: “<”: 有符号/无符号不匹配
         g:\我的坚果云\比特c语言上课程序\哈希表\哈希表\哈希桶.h(97): note: 编译类 模板 成员函数“HashTable<int,int,HashFuncer<K>>::HashTable(HashTable<K,int,HashFuncer<K>> &)”时
                 with
                 [
                     K=int
                 ]
         g:\我的坚果云\比特c语言上课程序\哈希表\哈希表\源.cpp(68): note: 参见对正在编译的函数 模板 实例化“HashTable<int,int,HashFuncer<K>>::HashTable(HashTable<K,int,HashFuncer<K>> &)”的引用
                 with
                 [
                     K=int
                 ]
     1>g:\我的坚果云\比特c语言上课程序\哈希表\哈希表\哈希桶.h(257): warning C4018: “<”: 有符号/无符号不匹配
         g:\我的坚果云\比特c语言上课程序\哈希表\哈希表\哈希桶.h(256): note: 编译类 模板 成员函数“void HashTable<int,int,HashFuncer<K>>::_Destory(void)”时
                 with
                 [
                     K=int
                 ]
         g:\我的坚果云\比特c语言上课程序\哈希表\哈希表\哈希桶.h(141): note: 参见对正在编译的函数 模板 实例化“void HashTable<int,int,HashFuncer<K>>::_Destory(void)”的引用
                 with
                 [
                     K=int
                 ]
     1>g:\我的坚果云\比特c语言上课程序\哈希表\哈希表\哈希桶.h(238): warning C4018: “<”: 有符号/无符号不匹配
         g:\我的坚果云\比特c语言上课程序\哈希表\哈希表\哈希桶.h(232): note: 编译类 模板 成员函数“void HashTable<int,int,HashFuncer<K>>::_CheckCapacity(void)”时
                 with
                 [
                     K=int
                 ]
         g:\我的坚果云\比特c语言上课程序\哈希表\哈希表\哈希桶.h(147): note: 参见对正在编译的函数 模板 实例化“void HashTable<int,int,HashFuncer<K>>::_CheckCapacity(void)”的引用
                 with
                 [
                     K=int
                 ]
     1>g:\我的坚果云\比特c语言上课程序\哈希表\哈希表\哈希桶.h(121): warning C4018: “<”: 有符号/无符号不匹配
         g:\我的坚果云\比特c语言上课程序\哈希表\哈希表\哈希桶.h(115): note: 编译类 模板 成员函数“HashTable<int,int,HashFuncer<K>> &HashTable<K,int,HashFuncer<K>>::operator =(HashTable<K,int,HashFuncer<K>>)”时
                 with
                 [
                     K=int
                 ]
         e:\工具\vs2015\vc\include\utility(53): note: 参见对正在编译的函数 模板 实例化“HashTable<int,int,HashFuncer<K>> &HashTable<K,int,HashFuncer<K>>::operator =(HashTable<K,int,HashFuncer<K>>)”的引用
                 with
                 [
                     K=int
                 ]
     1>g:\我的坚果云\比特c语言上课程序\哈希表\哈希表\哈希桶.h(30): warning C4715: “_GetPrime”: 不是所有的控件路径都返回值
       Link:
         E:\工具\VS2015\VC\bin\link.exe /ERRORREPORT:PROMPT /OUT:"G:\我的坚果云\比特C语言上课程序\哈希表\Debug\哈希表.exe" /INCREMENTAL /NOLOGO kernel32.lib user32.lib gdi32.lib winspool.lib comdlg32.lib advapi32.lib shell32.lib ole32.lib oleaut32.lib uuid.lib odbc32.lib odbccp32.lib /MANIFEST /MANIFESTUAC:"level='asInvoker' uiAccess='false'" /manifest:embed /Debug /PDB:"G:\我的坚果云\比特C语言上课程序\哈希表\Debug\哈希表.pdb" /SUBSYSTEM:CONSOLE /TLBID:1 /DYNAMICBASE /NXCOMPAT /IMPLIB:"G:\我的坚果云\比特C语言上课程序\哈希表\Debug\哈希表.lib" /MACHINE:X86 "Debug\源.obj"
         哈希表.vcxproj -> G:\我的坚果云\比特C语言上课程序\哈希表\Debug\哈希表.exe
     1>已完成生成项目“G:\我的坚果云\比特C语言上课程序\哈希表\哈希表\哈希表.vcxproj”(Build 个目标)的操作。

已成功生成。

已用时间 00:00:01.11
