生成启动时间为 2015/11/14 10:52:54。
     1>项目“F:\比特C语言上课程序\动态顺序表\动态顺序表\动态顺序表.vcxproj”在节点 2 上(build 个目标)。
     1>InitializeBuildStatus:
         正在创建“Debug\动态顺序表.unsuccessfulbuild”，因为已指定“AlwaysCreate”。
       ClCompile:
         E:\VS\VC\bin\CL.exe /c /ZI /nologo /W3 /WX- /Od /Oy- /D _UNICODE /D UNICODE /Gm /EHsc /RTC1 /MDd /GS /fp:precise /Zc:wchar_t /Zc:forScope /Fo"Debug\\" /Fd"Debug\vc100.pdb" /Gd /TP /analyze- /errorReport:prompt amin.cpp
         amin.cpp
     1>f:\比特c语言上课程序\动态顺序表\动态顺序表\header.h(50): warning C4018: “<”: 有符号/无符号不匹配
     1>f:\比特c语言上课程序\动态顺序表\动态顺序表\header.h(100): warning C4018: “<”: 有符号/无符号不匹配
     1>f:\比特c语言上课程序\动态顺序表\动态顺序表\header.h(120): warning C4018: “<”: 有符号/无符号不匹配
     1>f:\比特c语言上课程序\动态顺序表\动态顺序表\header.h(144): warning C4018: “<”: 有符号/无符号不匹配
     1>f:\比特c语言上课程序\动态顺序表\动态顺序表\header.h(147): warning C4018: “<”: 有符号/无符号不匹配
     1>f:\比特c语言上课程序\动态顺序表\动态顺序表\header.h(174): warning C4018: “<”: 有符号/无符号不匹配
     1>f:\比特c语言上课程序\动态顺序表\动态顺序表\header.h(178): warning C4018: “<”: 有符号/无符号不匹配
     1>f:\比特c语言上课程序\动态顺序表\动态顺序表\header.h(233): warning C4018: “>”: 有符号/无符号不匹配
       Link:
         E:\VS\VC\bin\link.exe /ERRORREPORT:PROMPT /OUT:"F:\比特C语言上课程序\动态顺序表\Debug\动态顺序表.exe" /NOLOGO kernel32.lib user32.lib gdi32.lib winspool.lib comdlg32.lib advapi32.lib shell32.lib ole32.lib oleaut32.lib uuid.lib odbc32.lib odbccp32.lib /MANIFEST /ManifestFile:"Debug\动态顺序表.exe.intermediate.manifest" /MANIFESTUAC:"level='asInvoker' uiAccess='false'" /DEBUG /PDB:"F:\比特C语言上课程序\动态顺序表\Debug\动态顺序表.pdb" /SUBSYSTEM:CONSOLE /TLBID:1 /DYNAMICBASE /NXCOMPAT /IMPLIB:"F:\比特C语言上课程序\动态顺序表\Debug\动态顺序表.lib" /MACHINE:X86 Debug\amin.obj
         LINK : 没有找到 F:\比特C语言上课程序\动态顺序表\Debug\动态顺序表.exe 或上一个增量链接没有生成它；正在执行完全链接
         动态顺序表.vcxproj -> F:\比特C语言上课程序\动态顺序表\Debug\动态顺序表.exe
       Manifest:
         C:\Program Files (x86)\Microsoft SDKs\Windows\v7.0A\bin\mt.exe /nologo /verbose /outputresource:"F:\比特C语言上课程序\动态顺序表\Debug\动态顺序表.exe;#1" /manifest "Debug\动态顺序表.exe.intermediate.manifest"
       FinalizeBuildStatus:
         正在删除文件“Debug\动态顺序表.unsuccessfulbuild”。
         正在对“Debug\动态顺序表.lastbuildstate”执行 Touch 任务。
     1>已完成生成项目“F:\比特C语言上课程序\动态顺序表\动态顺序表\动态顺序表.vcxproj”(build 个目标)的操作。

生成成功。

已用时间 00:00:01.26
