生成启动时间为 2016/3/7 18:42:11。
     1>项目“G:\我的坚果云\比特C语言上课程序\栈\栈\栈.vcxproj”在节点 2 上(Build 个目标)。
     1>ClCompile:
         E:\工具\VS2015\VC\bin\CL.exe /c /ZI /nologo /W3 /WX- /sdl /Od /Oy- /D WIN32 /D _DEBUG /D _CONSOLE /D _UNICODE /D UNICODE /Gm /EHsc /RTC1 /MDd /GS /fp:precise /Zc:wchar_t /Zc:forScope /Zc:inline /Fo"Debug\\" /Fd"Debug\vc140.pdb" /Gd /TP /analyze- /errorReport:prompt "源.cpp"
         源.cpp
     1>g:\我的坚果云\比特c语言上课程序\栈\栈\标头.h(49): warning C4018: “<”: 有符号/无符号不匹配
         g:\我的坚果云\比特c语言上课程序\栈\栈\标头.h(48): note: 编译类 模板 成员函数“void Stack<int,3>::Copy(T *,T *,size_t,TrueType)”时
                 with
                 [
                     T=int
                 ]
         g:\我的坚果云\比特c语言上课程序\栈\栈\标头.h(127): note: 参见对正在编译的函数 模板 实例化“void Stack<int,3>::Copy(T *,T *,size_t,TrueType)”的引用
                 with
                 [
                     T=int
                 ]
         g:\我的坚果云\比特c语言上课程序\栈\栈\源.cpp(6): note: 参见对正在编译的类 模板 实例化“Stack<int,3>”的引用
       Link:
         E:\工具\VS2015\VC\bin\link.exe /ERRORREPORT:PROMPT /OUT:"G:\我的坚果云\比特C语言上课程序\栈\Debug\栈.exe" /INCREMENTAL /NOLOGO kernel32.lib user32.lib gdi32.lib winspool.lib comdlg32.lib advapi32.lib shell32.lib ole32.lib oleaut32.lib uuid.lib odbc32.lib odbccp32.lib /MANIFEST /MANIFESTUAC:"level='asInvoker' uiAccess='false'" /manifest:embed /Debug /PDB:"G:\我的坚果云\比特C语言上课程序\栈\Debug\栈.pdb" /SUBSYSTEM:CONSOLE /TLBID:1 /DYNAMICBASE /NXCOMPAT /IMPLIB:"G:\我的坚果云\比特C语言上课程序\栈\Debug\栈.lib" /MACHINE:X86 "Debug\源.obj"
         栈.vcxproj -> G:\我的坚果云\比特C语言上课程序\栈\Debug\栈.exe
     1>已完成生成项目“G:\我的坚果云\比特C语言上课程序\栈\栈\栈.vcxproj”(Build 个目标)的操作。

已成功生成。

已用时间 00:00:00.91
