生成启动时间为 2016/4/29 11:29:46。
     1>项目“G:\我的坚果云\C语言程序\Btree\Btree\Btree.vcxproj”在节点 2 上(Build 个目标)。
     1>ClCompile:
         E:\工具\VS2015\VC\bin\CL.exe /c /ZI /nologo /W3 /WX- /sdl /Od /Oy- /D WIN32 /D _DEBUG /D _CONSOLE /D _UNICODE /D UNICODE /Gm /EHsc /RTC1 /MDd /GS /fp:precise /Zc:wchar_t /Zc:forScope /Zc:inline /Fo"Debug\\" /Fd"Debug\vc140.pdb" /Gd /TP /analyze- /errorReport:prompt "源.cpp"
         源.cpp
     1>g:\我的坚果云\c语言程序\btree\btree\标头.h(52): warning C4018: “<”: 有符号/无符号不匹配
         g:\我的坚果云\c语言程序\btree\btree\标头.h(46): note: 编译类 模板 成员函数“BTree<int,3>::Pair<BTreeNode<K,3> *,int> BTree<K,3>::Find(const K &)”时
                 with
                 [
                     K=int
                 ]
         g:\我的坚果云\c语言程序\btree\btree\标头.h(74): note: 参见对正在编译的函数 模板 实例化“BTree<int,3>::Pair<BTreeNode<K,3> *,int> BTree<K,3>::Find(const K &)”的引用
                 with
                 [
                     K=int
                 ]
         g:\我的坚果云\c语言程序\btree\btree\标头.h(180): note: 参见对正在编译的类 模板 实例化“BTree<int,3>”的引用
       Link:
         E:\工具\VS2015\VC\bin\link.exe /ERRORREPORT:PROMPT /OUT:"G:\我的坚果云\C语言程序\Btree\Debug\Btree.exe" /INCREMENTAL /NOLOGO kernel32.lib user32.lib gdi32.lib winspool.lib comdlg32.lib advapi32.lib shell32.lib ole32.lib oleaut32.lib uuid.lib odbc32.lib odbccp32.lib /MANIFEST /MANIFESTUAC:"level='asInvoker' uiAccess='false'" /manifest:embed /Debug /PDB:"G:\我的坚果云\C语言程序\Btree\Debug\Btree.pdb" /SUBSYSTEM:CONSOLE /TLBID:1 /DYNAMICBASE /NXCOMPAT /IMPLIB:"G:\我的坚果云\C语言程序\Btree\Debug\Btree.lib" /MACHINE:X86 "Debug\源.obj"
         Btree.vcxproj -> G:\我的坚果云\C语言程序\Btree\Debug\Btree.exe
     1>已完成生成项目“G:\我的坚果云\C语言程序\Btree\Btree\Btree.vcxproj”(Build 个目标)的操作。

已成功生成。

已用时间 00:00:01.21
