生成启动时间为 2015/11/14 0:09:49。
     1>项目“F:\比特C语言上课程序\顺序表的实现\顺序表的实现\顺序表的实现.vcxproj”在节点 2 上(build 个目标)。
     1>InitializeBuildStatus:
         正在对“Debug\顺序表的实现.unsuccessfulbuild”执行 Touch 任务。
       ClCompile:
         E:\VS\VC\bin\CL.exe /c /ZI /nologo /W3 /WX- /Od /Oy- /D _UNICODE /D UNICODE /Gm /EHsc /RTC1 /MDd /GS /fp:precise /Zc:wchar_t /Zc:forScope /Fo"Debug\\" /Fd"Debug\vc100.pdb" /Gd /TC /analyze- /errorReport:prompt test.c
         test.c
     1>f:\比特c语言上课程序\顺序表的实现\顺序表的实现\seqlist_d.h(43): error C2143: 语法错误 : 缺少“;”(在“类型”的前面)
     1>f:\比特c语言上课程序\顺序表的实现\顺序表的实现\seqlist_d.h(44): error C2065: “i”: 未声明的标识符
     1>f:\比特c语言上课程序\顺序表的实现\顺序表的实现\seqlist_d.h(44): error C2065: “i”: 未声明的标识符
     1>f:\比特c语言上课程序\顺序表的实现\顺序表的实现\seqlist_d.h(44): warning C4018: “<”: 有符号/无符号不匹配
     1>f:\比特c语言上课程序\顺序表的实现\顺序表的实现\seqlist_d.h(44): error C2065: “i”: 未声明的标识符
     1>f:\比特c语言上课程序\顺序表的实现\顺序表的实现\seqlist_d.h(46): error C2065: “i”: 未声明的标识符
     1>f:\比特c语言上课程序\顺序表的实现\顺序表的实现\seqlist_d.h(63): error C2143: 语法错误 : 缺少“;”(在“类型”的前面)
     1>f:\比特c语言上课程序\顺序表的实现\顺序表的实现\seqlist_d.h(64): error C2065: “index”: 未声明的标识符
     1>f:\比特c语言上课程序\顺序表的实现\顺序表的实现\seqlist_d.h(64): error C2065: “index”: 未声明的标识符
     1>f:\比特c语言上课程序\顺序表的实现\顺序表的实现\seqlist_d.h(66): error C2065: “index”: 未声明的标识符
     1>f:\比特c语言上课程序\顺序表的实现\顺序表的实现\seqlist_d.h(66): error C2065: “index”: 未声明的标识符
     1>f:\比特c语言上课程序\顺序表的实现\顺序表的实现\seqlist_d.h(93): error C2143: 语法错误 : 缺少“;”(在“类型”的前面)
     1>f:\比特c语言上课程序\顺序表的实现\顺序表的实现\seqlist_d.h(94): error C2065: “index”: 未声明的标识符
     1>f:\比特c语言上课程序\顺序表的实现\顺序表的实现\seqlist_d.h(94): warning C4018: “<”: 有符号/无符号不匹配
     1>f:\比特c语言上课程序\顺序表的实现\顺序表的实现\seqlist_d.h(94): error C2065: “index”: 未声明的标识符
     1>f:\比特c语言上课程序\顺序表的实现\顺序表的实现\seqlist_d.h(96): error C2065: “index”: 未声明的标识符
     1>f:\比特c语言上课程序\顺序表的实现\顺序表的实现\seqlist_d.h(96): error C2065: “index”: 未声明的标识符
     1>f:\比特c语言上课程序\顺序表的实现\顺序表的实现\seqlist_d.h(111): error C2143: 语法错误 : 缺少“;”(在“类型”的前面)
     1>f:\比特c语言上课程序\顺序表的实现\顺序表的实现\seqlist_d.h(112): error C2143: 语法错误 : 缺少“;”(在“类型”的前面)
     1>f:\比特c语言上课程序\顺序表的实现\顺序表的实现\seqlist_d.h(113): error C2065: “second”: 未声明的标识符
     1>f:\比特c语言上课程序\顺序表的实现\顺序表的实现\seqlist_d.h(113): warning C4018: “<”: 有符号/无符号不匹配
     1>f:\比特c语言上课程序\顺序表的实现\顺序表的实现\seqlist_d.h(115): error C2065: “second”: 未声明的标识符
     1>f:\比特c语言上课程序\顺序表的实现\顺序表的实现\seqlist_d.h(117): error C2065: “first”: 未声明的标识符
     1>f:\比特c语言上课程序\顺序表的实现\顺序表的实现\seqlist_d.h(117): error C2065: “second”: 未声明的标识符
     1>f:\比特c语言上课程序\顺序表的实现\顺序表的实现\seqlist_d.h(123): error C2065: “second”: 未声明的标识符
     1>f:\比特c语言上课程序\顺序表的实现\顺序表的实现\seqlist_d.h(132): error C2143: 语法错误 : 缺少“;”(在“类型”的前面)
     1>f:\比特c语言上课程序\顺序表的实现\顺序表的实现\seqlist_d.h(133): error C2143: 语法错误 : 缺少“;”(在“类型”的前面)
     1>f:\比特c语言上课程序\顺序表的实现\顺序表的实现\seqlist_d.h(135): error C2065: “i”: 未声明的标识符
     1>f:\比特c语言上课程序\顺序表的实现\顺序表的实现\seqlist_d.h(135): error C2065: “i”: 未声明的标识符
     1>f:\比特c语言上课程序\顺序表的实现\顺序表的实现\seqlist_d.h(135): warning C4018: “<”: 有符号/无符号不匹配
     1>f:\比特c语言上课程序\顺序表的实现\顺序表的实现\seqlist_d.h(135): error C2065: “i”: 未声明的标识符
     1>f:\比特c语言上课程序\顺序表的实现\顺序表的实现\seqlist_d.h(138): error C2065: “j”: 未声明的标识符
     1>f:\比特c语言上课程序\顺序表的实现\顺序表的实现\seqlist_d.h(138): error C2065: “j”: 未声明的标识符
     1>f:\比特c语言上课程序\顺序表的实现\顺序表的实现\seqlist_d.h(138): error C2065: “i”: 未声明的标识符
     1>f:\比特c语言上课程序\顺序表的实现\顺序表的实现\seqlist_d.h(138): warning C4018: “<”: 有符号/无符号不匹配
     1>f:\比特c语言上课程序\顺序表的实现\顺序表的实现\seqlist_d.h(138): error C2065: “j”: 未声明的标识符
     1>f:\比特c语言上课程序\顺序表的实现\顺序表的实现\seqlist_d.h(140): error C2065: “j”: 未声明的标识符
     1>f:\比特c语言上课程序\顺序表的实现\顺序表的实现\seqlist_d.h(140): error C2065: “j”: 未声明的标识符
     1>f:\比特c语言上课程序\顺序表的实现\顺序表的实现\seqlist_d.h(146): error C2065: “temp”: 未声明的标识符
     1>f:\比特c语言上课程序\顺序表的实现\顺序表的实现\seqlist_d.h(146): error C2065: “j”: 未声明的标识符
     1>f:\比特c语言上课程序\顺序表的实现\顺序表的实现\seqlist_d.h(147): error C2065: “j”: 未声明的标识符
     1>f:\比特c语言上课程序\顺序表的实现\顺序表的实现\seqlist_d.h(147): error C2065: “j”: 未声明的标识符
     1>f:\比特c语言上课程序\顺序表的实现\顺序表的实现\seqlist_d.h(148): error C2065: “j”: 未声明的标识符
     1>f:\比特c语言上课程序\顺序表的实现\顺序表的实现\seqlist_d.h(148): error C2065: “temp”: 未声明的标识符
     1>f:\比特c语言上课程序\顺序表的实现\顺序表的实现\seqlist_d.h(162): error C2143: 语法错误 : 缺少“;”(在“类型”的前面)
     1>f:\比特c语言上课程序\顺序表的实现\顺序表的实现\seqlist_d.h(163): error C2143: 语法错误 : 缺少“;”(在“类型”的前面)
     1>f:\比特c语言上课程序\顺序表的实现\顺序表的实现\seqlist_d.h(164): error C2143: 语法错误 : 缺少“;”(在“类型”的前面)
     1>f:\比特c语言上课程序\顺序表的实现\顺序表的实现\seqlist_d.h(164): error C2143: 语法错误 : 缺少“;”(在“类型”的前面)
     1>f:\比特c语言上课程序\顺序表的实现\顺序表的实现\seqlist_d.h(164): error C2143: 语法错误 : 缺少“)”(在“类型”的前面)
     1>f:\比特c语言上课程序\顺序表的实现\顺序表的实现\seqlist_d.h(164): error C2143: 语法错误 : 缺少“;”(在“类型”的前面)
     1>f:\比特c语言上课程序\顺序表的实现\顺序表的实现\seqlist_d.h(164): error C2065: “i”: 未声明的标识符
     1>f:\比特c语言上课程序\顺序表的实现\顺序表的实现\seqlist_d.h(164): warning C4018: “<”: 有符号/无符号不匹配
     1>f:\比特c语言上课程序\顺序表的实现\顺序表的实现\seqlist_d.h(164): warning C4552: “<”: 运算符不起任何作用；应输入带副作用的运算符
     1>f:\比特c语言上课程序\顺序表的实现\顺序表的实现\seqlist_d.h(164): error C2065: “i”: 未声明的标识符
     1>f:\比特c语言上课程序\顺序表的实现\顺序表的实现\seqlist_d.h(164): error C2059: 语法错误:“)”
     1>f:\比特c语言上课程序\顺序表的实现\顺序表的实现\seqlist_d.h(165): error C2143: 语法错误 : 缺少“;”(在“{”的前面)
     1>f:\比特c语言上课程序\顺序表的实现\顺序表的实现\seqlist_d.h(166): error C2065: “min”: 未声明的标识符
     1>f:\比特c语言上课程序\顺序表的实现\顺序表的实现\seqlist_d.h(166): error C2065: “i”: 未声明的标识符
     1>f:\比特c语言上课程序\顺序表的实现\顺序表的实现\seqlist_d.h(167): error C2065: “max”: 未声明的标识符
     1>f:\比特c语言上课程序\顺序表的实现\顺序表的实现\seqlist_d.h(167): error C2065: “i”: 未声明的标识符
     1>f:\比特c语言上课程序\顺序表的实现\顺序表的实现\seqlist_d.h(168): error C2143: 语法错误 : 缺少“;”(在“类型”的前面)
     1>f:\比特c语言上课程序\顺序表的实现\顺序表的实现\seqlist_d.h(168): error C2143: 语法错误 : 缺少“;”(在“类型”的前面)
     1>f:\比特c语言上课程序\顺序表的实现\顺序表的实现\seqlist_d.h(168): error C2143: 语法错误 : 缺少“)”(在“类型”的前面)
     1>f:\比特c语言上课程序\顺序表的实现\顺序表的实现\seqlist_d.h(168): error C2143: 语法错误 : 缺少“;”(在“类型”的前面)
     1>f:\比特c语言上课程序\顺序表的实现\顺序表的实现\seqlist_d.h(168): error C2065: “j”: 未声明的标识符
     1>f:\比特c语言上课程序\顺序表的实现\顺序表的实现\seqlist_d.h(168): warning C4018: “<”: 有符号/无符号不匹配
     1>f:\比特c语言上课程序\顺序表的实现\顺序表的实现\seqlist_d.h(168): warning C4552: “<”: 运算符不起任何作用；应输入带副作用的运算符
     1>f:\比特c语言上课程序\顺序表的实现\顺序表的实现\seqlist_d.h(168): error C2065: “j”: 未声明的标识符
     1>f:\比特c语言上课程序\顺序表的实现\顺序表的实现\seqlist_d.h(168): error C2059: 语法错误:“)”
     1>f:\比特c语言上课程序\顺序表的实现\顺序表的实现\seqlist_d.h(169): error C2143: 语法错误 : 缺少“;”(在“{”的前面)
     1>f:\比特c语言上课程序\顺序表的实现\顺序表的实现\seqlist_d.h(170): error C2065: “min”: 未声明的标识符
     1>f:\比特c语言上课程序\顺序表的实现\顺序表的实现\seqlist_d.h(170): error C2065: “j”: 未声明的标识符
     1>f:\比特c语言上课程序\顺序表的实现\顺序表的实现\seqlist_d.h(172): error C2065: “min”: 未声明的标识符
     1>f:\比特c语言上课程序\顺序表的实现\顺序表的实现\seqlist_d.h(172): error C2065: “j”: 未声明的标识符
     1>f:\比特c语言上课程序\顺序表的实现\顺序表的实现\seqlist_d.h(174): error C2065: “max”: 未声明的标识符
     1>f:\比特c语言上课程序\顺序表的实现\顺序表的实现\seqlist_d.h(174): error C2065: “j”: 未声明的标识符
     1>f:\比特c语言上课程序\顺序表的实现\顺序表的实现\seqlist_d.h(176): error C2065: “max”: 未声明的标识符
     1>f:\比特c语言上课程序\顺序表的实现\顺序表的实现\seqlist_d.h(176): error C2065: “j”: 未声明的标识符
     1>f:\比特c语言上课程序\顺序表的实现\顺序表的实现\seqlist_d.h(179): error C2065: “i”: 未声明的标识符
     1>f:\比特c语言上课程序\顺序表的实现\顺序表的实现\seqlist_d.h(179): error C2065: “min”: 未声明的标识符
     1>f:\比特c语言上课程序\顺序表的实现\顺序表的实现\seqlist_d.h(180): error C2065: “i”: 未声明的标识符
     1>f:\比特c语言上课程序\顺序表的实现\顺序表的实现\seqlist_d.h(180): error C2065: “max”: 未声明的标识符
     1>f:\比特c语言上课程序\顺序表的实现\顺序表的实现\seqlist_d.h(188): error C2143: 语法错误 : 缺少“;”(在“类型”的前面)
     1>f:\比特c语言上课程序\顺序表的实现\顺序表的实现\seqlist_d.h(189): error C2143: 语法错误 : 缺少“;”(在“类型”的前面)
     1>f:\比特c语言上课程序\顺序表的实现\顺序表的实现\seqlist_d.h(190): error C2143: 语法错误 : 缺少“;”(在“类型”的前面)
     1>f:\比特c语言上课程序\顺序表的实现\顺序表的实现\seqlist_d.h(191): error C2065: “left”: 未声明的标识符
     1>f:\比特c语言上课程序\顺序表的实现\顺序表的实现\seqlist_d.h(191): error C2065: “right”: 未声明的标识符
     1>f:\比特c语言上课程序\顺序表的实现\顺序表的实现\seqlist_d.h(193): error C2065: “mid”: 未声明的标识符
     1>f:\比特c语言上课程序\顺序表的实现\顺序表的实现\seqlist_d.h(193): error C2065: “left”: 未声明的标识符
     1>f:\比特c语言上课程序\顺序表的实现\顺序表的实现\seqlist_d.h(193): error C2065: “right”: 未声明的标识符
     1>f:\比特c语言上课程序\顺序表的实现\顺序表的实现\seqlist_d.h(193): error C2065: “left”: 未声明的标识符
     1>f:\比特c语言上课程序\顺序表的实现\顺序表的实现\seqlist_d.h(194): error C2065: “mid”: 未声明的标识符
     1>f:\比特c语言上课程序\顺序表的实现\顺序表的实现\seqlist_d.h(196): error C2065: “left”: 未声明的标识符
     1>f:\比特c语言上课程序\顺序表的实现\顺序表的实现\seqlist_d.h(196): error C2065: “mid”: 未声明的标识符
     1>f:\比特c语言上课程序\顺序表的实现\顺序表的实现\seqlist_d.h(198): error C2065: “mid”: 未声明的标识符
     1>f:\比特c语言上课程序\顺序表的实现\顺序表的实现\seqlist_d.h(200): error C2065: “right”: 未声明的标识符
     1>f:\比特c语言上课程序\顺序表的实现\顺序表的实现\seqlist_d.h(200): error C2065: “mid”: 未声明的标识符
     1>f:\比特c语言上课程序\顺序表的实现\顺序表的实现\seqlist_d.h(204): error C2065: “mid”: 未声明的标识符
     1>f:\比特c语言上课程序\顺序表的实现\顺序表的实现\seqlist_d.h(217): error C2143: 语法错误 : 缺少“;”(在“类型”的前面)
     1>f:\比特c语言上课程序\顺序表的实现\顺序表的实现\seqlist_d.h(218): error C2065: “mid”: 未声明的标识符
     1>f:\比特c语言上课程序\顺序表的实现\顺序表的实现\seqlist_d.h(219): warning C4018: “>”: 有符号/无符号不匹配
     1>f:\比特c语言上课程序\顺序表的实现\顺序表的实现\seqlist_d.h(230): error C2065: “mid”: 未声明的标识符
     1>f:\比特c语言上课程序\顺序表的实现\顺序表的实现\seqlist_d.h(232): error C2065: “mid”: 未声明的标识符
     1>f:\比特c语言上课程序\顺序表的实现\顺序表的实现\seqlist_d.h(234): error C2065: “mid”: 未声明的标识符
     1>f:\比特c语言上课程序\顺序表的实现\顺序表的实现\seqlist_d.h(236): error C2065: “mid”: 未声明的标识符
     1>f:\比特c语言上课程序\顺序表的实现\顺序表的实现\seqlist_d.h(240): error C2065: “mid”: 未声明的标识符
     1>已完成生成项目“F:\比特C语言上课程序\顺序表的实现\顺序表的实现\顺序表的实现.vcxproj”(build 个目标)的操作 - 失败。

生成失败。

已用时间 00:00:00.23
