生成启动时间为 2015/12/5 15:54:36。
     1>项目“F:\比特C语言上课程序\画星星（经常忘，需要经常看）\画星星（经常忘，需要经常看）\画星星（经常忘，需要经常看）.vcxproj”在节点 2 上(build 个目标)。
     1>InitializeBuildStatus:
         正在对“Debug\画星星（经常忘，需要经常看）.unsuccessfulbuild”执行 Touch 任务。
       ClCompile:
         E:\VS\VC\bin\CL.exe /c /ZI /nologo /W3 /WX- /Od /Oy- /D _UNICODE /D UNICODE /Gm /EHsc /RTC1 /MDd /GS /fp:precise /Zc:wchar_t /Zc:forScope /Fo"Debug\\" /Fd"Debug\vc100.pdb" /Gd /TC /analyze- /errorReport:prompt test.c
         test.c
     1>f:\比特c语言上课程序\画星星（经常忘，需要经常看）\画星星（经常忘，需要经常看）\test.c(7): warning C4996: 'scanf': This function or variable may be unsafe. Consider using scanf_s instead. To disable deprecation, use _CRT_SECURE_NO_WARNINGS. See online help for details.
                 e:\vs\vc\include\stdio.h(304) : 参见“scanf”的声明
     1>f:\比特c语言上课程序\画星星（经常忘，需要经常看）\画星星（经常忘，需要经常看）\test.c(8): error C2143: 语法错误 : 缺少“;”(在“类型”的前面)
     1>f:\比特c语言上课程序\画星星（经常忘，需要经常看）\画星星（经常忘，需要经常看）\test.c(8): error C2143: 语法错误 : 缺少“;”(在“类型”的前面)
     1>f:\比特c语言上课程序\画星星（经常忘，需要经常看）\画星星（经常忘，需要经常看）\test.c(8): error C2143: 语法错误 : 缺少“)”(在“类型”的前面)
     1>f:\比特c语言上课程序\画星星（经常忘，需要经常看）\画星星（经常忘，需要经常看）\test.c(8): error C2143: 语法错误 : 缺少“;”(在“类型”的前面)
     1>f:\比特c语言上课程序\画星星（经常忘，需要经常看）\画星星（经常忘，需要经常看）\test.c(8): error C2065: “i”: 未声明的标识符
     1>f:\比特c语言上课程序\画星星（经常忘，需要经常看）\画星星（经常忘，需要经常看）\test.c(8): warning C4552: “<”: 运算符不起任何作用；应输入带副作用的运算符
     1>f:\比特c语言上课程序\画星星（经常忘，需要经常看）\画星星（经常忘，需要经常看）\test.c(8): error C2065: “i”: 未声明的标识符
     1>f:\比特c语言上课程序\画星星（经常忘，需要经常看）\画星星（经常忘，需要经常看）\test.c(8): error C2059: 语法错误:“)”
     1>f:\比特c语言上课程序\画星星（经常忘，需要经常看）\画星星（经常忘，需要经常看）\test.c(9): error C2143: 语法错误 : 缺少“;”(在“{”的前面)
     1>f:\比特c语言上课程序\画星星（经常忘，需要经常看）\画星星（经常忘，需要经常看）\test.c(10): error C2143: 语法错误 : 缺少“;”(在“类型”的前面)
     1>f:\比特c语言上课程序\画星星（经常忘，需要经常看）\画星星（经常忘，需要经常看）\test.c(10): error C2143: 语法错误 : 缺少“;”(在“类型”的前面)
     1>f:\比特c语言上课程序\画星星（经常忘，需要经常看）\画星星（经常忘，需要经常看）\test.c(10): error C2143: 语法错误 : 缺少“)”(在“类型”的前面)
     1>f:\比特c语言上课程序\画星星（经常忘，需要经常看）\画星星（经常忘，需要经常看）\test.c(10): error C2143: 语法错误 : 缺少“;”(在“类型”的前面)
     1>f:\比特c语言上课程序\画星星（经常忘，需要经常看）\画星星（经常忘，需要经常看）\test.c(10): error C2065: “j”: 未声明的标识符
     1>f:\比特c语言上课程序\画星星（经常忘，需要经常看）\画星星（经常忘，需要经常看）\test.c(10): error C2065: “i”: 未声明的标识符
     1>f:\比特c语言上课程序\画星星（经常忘，需要经常看）\画星星（经常忘，需要经常看）\test.c(10): warning C4552: “<”: 运算符不起任何作用；应输入带副作用的运算符
     1>f:\比特c语言上课程序\画星星（经常忘，需要经常看）\画星星（经常忘，需要经常看）\test.c(10): error C2065: “j”: 未声明的标识符
     1>f:\比特c语言上课程序\画星星（经常忘，需要经常看）\画星星（经常忘，需要经常看）\test.c(10): error C2059: 语法错误:“)”
     1>f:\比特c语言上课程序\画星星（经常忘，需要经常看）\画星星（经常忘，需要经常看）\test.c(11): error C2143: 语法错误 : 缺少“;”(在“{”的前面)
     1>f:\比特c语言上课程序\画星星（经常忘，需要经常看）\画星星（经常忘，需要经常看）\test.c(15): error C2143: 语法错误 : 缺少“;”(在“类型”的前面)
     1>f:\比特c语言上课程序\画星星（经常忘，需要经常看）\画星星（经常忘，需要经常看）\test.c(15): error C2143: 语法错误 : 缺少“;”(在“类型”的前面)
     1>f:\比特c语言上课程序\画星星（经常忘，需要经常看）\画星星（经常忘，需要经常看）\test.c(15): error C2143: 语法错误 : 缺少“)”(在“类型”的前面)
     1>f:\比特c语言上课程序\画星星（经常忘，需要经常看）\画星星（经常忘，需要经常看）\test.c(15): error C2143: 语法错误 : 缺少“;”(在“类型”的前面)
     1>f:\比特c语言上课程序\画星星（经常忘，需要经常看）\画星星（经常忘，需要经常看）\test.c(15): error C2065: “k”: 未声明的标识符
     1>f:\比特c语言上课程序\画星星（经常忘，需要经常看）\画星星（经常忘，需要经常看）\test.c(15): warning C4552: “>”: 运算符不起任何作用；应输入带副作用的运算符
     1>f:\比特c语言上课程序\画星星（经常忘，需要经常看）\画星星（经常忘，需要经常看）\test.c(15): error C2065: “k”: 未声明的标识符
     1>f:\比特c语言上课程序\画星星（经常忘，需要经常看）\画星星（经常忘，需要经常看）\test.c(15): error C2143: 语法错误 : 缺少“;”(在“)”的前面)
     1>f:\比特c语言上课程序\画星星（经常忘，需要经常看）\画星星（经常忘，需要经常看）\test.c(21): error C2059: 语法错误:“return”
     1>f:\比特c语言上课程序\画星星（经常忘，需要经常看）\画星星（经常忘，需要经常看）\test.c(22): error C2059: 语法错误:“}”
     1>已完成生成项目“F:\比特C语言上课程序\画星星（经常忘，需要经常看）\画星星（经常忘，需要经常看）\画星星（经常忘，需要经常看）.vcxproj”(build 个目标)的操作 - 失败。

生成失败。

已用时间 00:00:00.26
