f:\比特c语言上课程序\深拷贝浅拷贝作业\深拷贝浅拷贝作业\debug\main.obj
f:\比特c语言上课程序\深拷贝浅拷贝作业\深拷贝浅拷贝作业\debug\vc100.pdb
g:\我的坚果云\比特c语言上课程序\深拷贝浅拷贝作业\深拷贝浅拷贝作业\debug\main.obj
g:\我的坚果云\比特c语言上课程序\深拷贝浅拷贝作业\深拷贝浅拷贝作业\debug\vc100.pdb
f:\比特c语言上课程序\深拷贝浅拷贝作业\debug\深拷贝浅拷贝作业.ilk
f:\比特c语言上课程序\深拷贝浅拷贝作业\debug\深拷贝浅拷贝作业.exe
f:\比特c语言上课程序\深拷贝浅拷贝作业\深拷贝浅拷贝作业\debug\深拷贝浅拷贝作业.exe.intermediate.manifest
f:\比特c语言上课程序\深拷贝浅拷贝作业\debug\深拷贝浅拷贝作业.pdb
g:\我的坚果云\比特c语言上课程序\深拷贝浅拷贝作业\debug\深拷贝浅拷贝作业.ilk
g:\我的坚果云\比特c语言上课程序\深拷贝浅拷贝作业\debug\深拷贝浅拷贝作业.exe
g:\我的坚果云\比特c语言上课程序\深拷贝浅拷贝作业\深拷贝浅拷贝作业\debug\深拷贝浅拷贝作业.exe.intermediate.manifest
g:\我的坚果云\比特c语言上课程序\深拷贝浅拷贝作业\debug\深拷贝浅拷贝作业.pdb
f:\比特c语言上课程序\深拷贝浅拷贝作业\深拷贝浅拷贝作业\debug\深拷贝浅拷贝作业.exe.embed.manifest
f:\比特c语言上课程序\深拷贝浅拷贝作业\深拷贝浅拷贝作业\debug\深拷贝浅拷贝作业.exe.embed.manifest.res
g:\我的坚果云\比特c语言上课程序\深拷贝浅拷贝作业\深拷贝浅拷贝作业\debug\深拷贝浅拷贝作业.exe.embed.manifest.res
g:\我的坚果云\比特c语言上课程序\深拷贝浅拷贝作业\深拷贝浅拷贝作业\debug\vc140.pdb
g:\我的坚果云\比特c语言上课程序\深拷贝浅拷贝作业\深拷贝浅拷贝作业\debug\vc140.idb
g:\我的坚果云\比特c语言上课程序\深拷贝浅拷贝作业\深拷贝浅拷贝作业\debug\深拷贝浅拷贝作业.vcxprojresolveassemblyreference.cache
g:\我的坚果云\比特c语言上课程序\深拷贝浅拷贝作业\深拷贝浅拷贝作业\debug\cl.command.1.tlog
g:\我的坚果云\比特c语言上课程序\深拷贝浅拷贝作业\深拷贝浅拷贝作业\debug\cl.read.1.tlog
g:\我的坚果云\比特c语言上课程序\深拷贝浅拷贝作业\深拷贝浅拷贝作业\debug\cl.write.1.tlog
g:\我的坚果云\比特c语言上课程序\深拷贝浅拷贝作业\深拷贝浅拷贝作业\debug\link-cvtres.read.1.tlog
g:\我的坚果云\比特c语言上课程序\深拷贝浅拷贝作业\深拷贝浅拷贝作业\debug\link-cvtres.write.1.tlog
g:\我的坚果云\比特c语言上课程序\深拷贝浅拷贝作业\深拷贝浅拷贝作业\debug\link.18732-cvtres.read.1.tlog
g:\我的坚果云\比特c语言上课程序\深拷贝浅拷贝作业\深拷贝浅拷贝作业\debug\link.18732-cvtres.write.1.tlog
g:\我的坚果云\比特c语言上课程序\深拷贝浅拷贝作业\深拷贝浅拷贝作业\debug\link.18732.read.1.tlog
g:\我的坚果云\比特c语言上课程序\深拷贝浅拷贝作业\深拷贝浅拷贝作业\debug\link.18732.write.1.tlog
g:\我的坚果云\比特c语言上课程序\深拷贝浅拷贝作业\深拷贝浅拷贝作业\debug\link.command.1.tlog
g:\我的坚果云\比特c语言上课程序\深拷贝浅拷贝作业\深拷贝浅拷贝作业\debug\link.read.1.tlog
g:\我的坚果云\比特c语言上课程序\深拷贝浅拷贝作业\深拷贝浅拷贝作业\debug\link.write.1.tlog
g:\我的坚果云\比特c语言上课程序\深拷贝浅拷贝作业\深拷贝浅拷贝作业\debug\mt.command.1.tlog
g:\我的坚果云\比特c语言上课程序\深拷贝浅拷贝作业\深拷贝浅拷贝作业\debug\mt.read.1.tlog
g:\我的坚果云\比特c语言上课程序\深拷贝浅拷贝作业\深拷贝浅拷贝作业\debug\mt.write.1.tlog
g:\我的坚果云\比特c语言上课程序\深拷贝浅拷贝作业\深拷贝浅拷贝作业\debug\rc.command.1.tlog
g:\我的坚果云\比特c语言上课程序\深拷贝浅拷贝作业\深拷贝浅拷贝作业\debug\rc.read.1.tlog
g:\我的坚果云\比特c语言上课程序\深拷贝浅拷贝作业\深拷贝浅拷贝作业\debug\rc.write.1.tlog
g:\我的坚果云\比特c语言上课程序\深拷贝浅拷贝作业\深拷贝浅拷贝作业\debug\深拷贝浅拷贝作业.write.1.tlog
g:\我的坚果云\比特c语言上课程序\深拷贝浅拷贝作业\深拷贝浅拷贝作业\debug\深拷贝浅拷贝作业.exe.embed.manifest
g:\我的坚果云\比特c语言上课程序\深拷贝浅拷贝作业\深拷贝浅拷贝作业\debug\vc100.idb
g:\我的坚果云\比特c语言上课程序\深拷贝浅拷贝作业\深拷贝浅拷贝作业\debug\深拷贝浅拷贝作业_manifest.rc
g:\我的坚果云\比特c语言上课程序\深拷贝浅拷贝作业\深拷贝浅拷贝作业\debug\深拷贝浅拷贝作业.tlog\cl.command.1.tlog
g:\我的坚果云\比特c语言上课程序\深拷贝浅拷贝作业\深拷贝浅拷贝作业\debug\深拷贝浅拷贝作业.tlog\cl.read.1.tlog
g:\我的坚果云\比特c语言上课程序\深拷贝浅拷贝作业\深拷贝浅拷贝作业\debug\深拷贝浅拷贝作业.tlog\cl.write.1.tlog
g:\我的坚果云\比特c语言上课程序\深拷贝浅拷贝作业\深拷贝浅拷贝作业\debug\深拷贝浅拷贝作业.tlog\link-cvtres.read.1.tlog
g:\我的坚果云\比特c语言上课程序\深拷贝浅拷贝作业\深拷贝浅拷贝作业\debug\深拷贝浅拷贝作业.tlog\link-cvtres.write.1.tlog
g:\我的坚果云\比特c语言上课程序\深拷贝浅拷贝作业\深拷贝浅拷贝作业\debug\深拷贝浅拷贝作业.tlog\link-rc.read.1.tlog
g:\我的坚果云\比特c语言上课程序\深拷贝浅拷贝作业\深拷贝浅拷贝作业\debug\深拷贝浅拷贝作业.tlog\link-rc.write.1.tlog
g:\我的坚果云\比特c语言上课程序\深拷贝浅拷贝作业\深拷贝浅拷贝作业\debug\深拷贝浅拷贝作业.tlog\link.command.1.tlog
g:\我的坚果云\比特c语言上课程序\深拷贝浅拷贝作业\深拷贝浅拷贝作业\debug\深拷贝浅拷贝作业.tlog\link.read.1.tlog
g:\我的坚果云\比特c语言上课程序\深拷贝浅拷贝作业\深拷贝浅拷贝作业\debug\深拷贝浅拷贝作业.tlog\link.write.1.tlog
