生成启动时间为 2016/3/11 22:39:20。
     1>项目“G:\我的坚果云\比特C语言上课程序\Matirx\Matirx\Matirx.vcxproj”在节点 2 上(Build 个目标)。
     1>ClCompile:
         E:\工具\VS2015\VC\bin\CL.exe /c /ZI /nologo /W3 /WX- /sdl /Od /Oy- /D WIN32 /D _DEBUG /D _CONSOLE /D _UNICODE /D UNICODE /Gm /EHsc /RTC1 /MDd /GS /fp:precise /Zc:wchar_t /Zc:forScope /Zc:inline /Fo"Debug\\" /Fd"Debug\vc140.pdb" /Gd /TP /analyze- /errorReport:prompt "源.cpp"
         源.cpp
     1>g:\我的坚果云\比特c语言上课程序\matirx\matirx\标头.h(123): warning C4018: “<”: 有符号/无符号不匹配
         g:\我的坚果云\比特c语言上课程序\matirx\matirx\标头.h(118): note: 编译类 模板 成员函数“SparseMatrix<int> SparseMatrix<int>::Transpose(void)”时
         g:\我的坚果云\比特c语言上课程序\matirx\matirx\源.cpp(33): note: 参见对正在编译的函数 模板 实例化“SparseMatrix<int> SparseMatrix<int>::Transpose(void)”的引用
         g:\我的坚果云\比特c语言上课程序\matirx\matirx\源.cpp(31): note: 参见对正在编译的类 模板 实例化“SparseMatrix<int>”的引用
     1>g:\我的坚果云\比特c语言上课程序\matirx\matirx\标头.h(129): warning C4018: “<”: 有符号/无符号不匹配
     1>g:\我的坚果云\比特c语言上课程序\matirx\matirx\标头.h(131): warning C4018: “<”: 有符号/无符号不匹配
     1>g:\我的坚果云\比特c语言上课程序\matirx\matirx\标头.h(98): warning C4018: “<”: 有符号/无符号不匹配
         g:\我的坚果云\比特c语言上课程序\matirx\matirx\标头.h(96): note: 编译类 模板 成员函数“void SparseMatrix<int>::Display(void)”时
         g:\我的坚果云\比特c语言上课程序\matirx\matirx\源.cpp(32): note: 参见对正在编译的函数 模板 实例化“void SparseMatrix<int>::Display(void)”的引用
     1>g:\我的坚果云\比特c语言上课程序\matirx\matirx\标头.h(100): warning C4018: “<”: 有符号/无符号不匹配
     1>g:\我的坚果云\比特c语言上课程序\matirx\matirx\标头.h(102): warning C4018: “<”: 有符号/无符号不匹配
     1>g:\我的坚果云\比特c语言上课程序\matirx\matirx\标头.h(84): warning C4018: “<”: 有符号/无符号不匹配
         g:\我的坚果云\比特c语言上课程序\matirx\matirx\标头.h(79): note: 编译类 模板 成员函数“SparseMatrix<int>::SparseMatrix(int *,size_t,size_t,T)”时
                 with
                 [
                     T=int
                 ]
         g:\我的坚果云\比特c语言上课程序\matirx\matirx\源.cpp(31): note: 参见对正在编译的函数 模板 实例化“SparseMatrix<int>::SparseMatrix(int *,size_t,size_t,T)”的引用
                 with
                 [
                     T=int
                 ]
     1>g:\我的坚果云\比特c语言上课程序\matirx\matirx\标头.h(86): warning C4018: “<”: 有符号/无符号不匹配
     1>g:\我的坚果云\比特c语言上课程序\matirx\matirx\标头.h(29): warning C4018: “<”: 有符号/无符号不匹配
         g:\我的坚果云\比特c语言上课程序\matirx\matirx\标头.h(28): note: 编译类 模板 成员函数“void SymmetryMatrix<int>::Display(void)”时
         g:\我的坚果云\比特c语言上课程序\matirx\matirx\源.cpp(16): note: 参见对正在编译的函数 模板 实例化“void SymmetryMatrix<int>::Display(void)”的引用
         g:\我的坚果云\比特c语言上课程序\matirx\matirx\源.cpp(15): note: 参见对正在编译的类 模板 实例化“SymmetryMatrix<int>”的引用
     1>g:\我的坚果云\比特c语言上课程序\matirx\matirx\标头.h(31): warning C4018: “<”: 有符号/无符号不匹配
     1>g:\我的坚果云\比特c语言上课程序\matirx\matirx\标头.h(15): warning C4018: “<”: 有符号/无符号不匹配
         g:\我的坚果云\比特c语言上课程序\matirx\matirx\标头.h(10): note: 编译类 模板 成员函数“SymmetryMatrix<int>::SymmetryMatrix(int *,size_t)”时
         g:\我的坚果云\比特c语言上课程序\matirx\matirx\源.cpp(15): note: 参见对正在编译的函数 模板 实例化“SymmetryMatrix<int>::SymmetryMatrix(int *,size_t)”的引用
     1>g:\我的坚果云\比特c语言上课程序\matirx\matirx\标头.h(17): warning C4018: “<”: 有符号/无符号不匹配
       Link:
         E:\工具\VS2015\VC\bin\link.exe /ERRORREPORT:PROMPT /OUT:"G:\我的坚果云\比特C语言上课程序\Matirx\Debug\Matirx.exe" /INCREMENTAL /NOLOGO kernel32.lib user32.lib gdi32.lib winspool.lib comdlg32.lib advapi32.lib shell32.lib ole32.lib oleaut32.lib uuid.lib odbc32.lib odbccp32.lib /MANIFEST /MANIFESTUAC:"level='asInvoker' uiAccess='false'" /manifest:embed /Debug /PDB:"G:\我的坚果云\比特C语言上课程序\Matirx\Debug\Matirx.pdb" /SUBSYSTEM:CONSOLE /TLBID:1 /DYNAMICBASE /NXCOMPAT /IMPLIB:"G:\我的坚果云\比特C语言上课程序\Matirx\Debug\Matirx.lib" /MACHINE:X86 "Debug\源.obj"
         Matirx.vcxproj -> G:\我的坚果云\比特C语言上课程序\Matirx\Debug\Matirx.exe
     1>已完成生成项目“G:\我的坚果云\比特C语言上课程序\Matirx\Matirx\Matirx.vcxproj”(Build 个目标)的操作。

已成功生成。

已用时间 00:00:01.13
