生成启动时间为 2016/3/21 15:57:00。
     1>项目“G:\我的坚果云\比特C语言上课程序\BinaryTree\BinaryTree\BinaryTree.vcxproj”在节点 2 上(Build 个目标)。
     1>ClCompile:
         E:\工具\VS2015\VC\bin\CL.exe /c /ZI /nologo /W3 /WX- /sdl /Od /Oy- /D WIN32 /D _DEBUG /D _CONSOLE /D _UNICODE /D UNICODE /Gm /EHsc /RTC1 /MDd /GS /fp:precise /Zc:wchar_t /Zc:forScope /Zc:inline /Fo"Debug\\" /Fd"Debug\vc140.pdb" /Gd /TP /analyze- /errorReport:prompt "源.cpp"
         源.cpp
     1>g:\我的坚果云\比特c语言上课程序\binarytree\binarytree\标头.h(175): warning C4018: “<”: 有符号/无符号不匹配
         g:\我的坚果云\比特c语言上课程序\binarytree\binarytree\标头.h(173): note: 编译类 模板 成员函数“BinaryTreeNode<T> *BinaryTree<T>::_CreateTree(const T *,size_t,int &)”时
                 with
                 [
                     T=int
                 ]
         g:\我的坚果云\比特c语言上课程序\binarytree\binarytree\标头.h(29): note: 参见对正在编译的函数 模板 实例化“BinaryTreeNode<T> *BinaryTree<T>::_CreateTree(const T *,size_t,int &)”的引用
                 with
                 [
                     T=int
                 ]
         g:\我的坚果云\比特c语言上课程序\binarytree\binarytree\源.cpp(9): note: 参见对正在编译的类 模板 实例化“BinaryTree<int>”的引用
       Link:
         E:\工具\VS2015\VC\bin\link.exe /ERRORREPORT:PROMPT /OUT:"G:\我的坚果云\比特C语言上课程序\BinaryTree\Debug\BinaryTree.exe" /INCREMENTAL /NOLOGO kernel32.lib user32.lib gdi32.lib winspool.lib comdlg32.lib advapi32.lib shell32.lib ole32.lib oleaut32.lib uuid.lib odbc32.lib odbccp32.lib /MANIFEST /MANIFESTUAC:"level='asInvoker' uiAccess='false'" /manifest:embed /Debug /PDB:"G:\我的坚果云\比特C语言上课程序\BinaryTree\Debug\BinaryTree.pdb" /SUBSYSTEM:CONSOLE /TLBID:1 /DYNAMICBASE /NXCOMPAT /IMPLIB:"G:\我的坚果云\比特C语言上课程序\BinaryTree\Debug\BinaryTree.lib" /MACHINE:X86 "Debug\源.obj"
         BinaryTree.vcxproj -> G:\我的坚果云\比特C语言上课程序\BinaryTree\Debug\BinaryTree.exe
     1>已完成生成项目“G:\我的坚果云\比特C语言上课程序\BinaryTree\BinaryTree\BinaryTree.vcxproj”(Build 个目标)的操作。

已成功生成。

已用时间 00:00:00.92
