f:\比特c语言上课程序\string类的实现\string类的实现\debug\amin.obj
f:\比特c语言上课程序\string类的实现\string类的实现\debug\vc100.pdb
g:\我的坚果云\比特c语言上课程序\string类的实现\string类的实现\debug\amin.obj
g:\我的坚果云\比特c语言上课程序\string类的实现\string类的实现\debug\vc100.pdb
f:\比特c语言上课程序\string类的实现\debug\string类的实现.ilk
f:\比特c语言上课程序\string类的实现\debug\string类的实现.exe
f:\比特c语言上课程序\string类的实现\string类的实现\debug\string类的实现.exe.intermediate.manifest
f:\比特c语言上课程序\string类的实现\debug\string类的实现.pdb
g:\我的坚果云\比特c语言上课程序\string类的实现\debug\string类的实现.ilk
g:\我的坚果云\比特c语言上课程序\string类的实现\debug\string类的实现.exe
g:\我的坚果云\比特c语言上课程序\string类的实现\string类的实现\debug\string类的实现.exe.intermediate.manifest
g:\我的坚果云\比特c语言上课程序\string类的实现\debug\string类的实现.pdb
f:\比特c语言上课程序\string类的实现\string类的实现\debug\string类的实现.exe.embed.manifest
f:\比特c语言上课程序\string类的实现\string类的实现\debug\string类的实现.exe.embed.manifest.res
g:\我的坚果云\比特c语言上课程序\string类的实现\string类的实现\debug\string类的实现.exe.embed.manifest.res
g:\我的坚果云\比特c语言上课程序\string类的实现\string类的实现\debug\vc140.pdb
g:\我的坚果云\比特c语言上课程序\string类的实现\string类的实现\debug\vc140.idb
g:\我的坚果云\比特c语言上课程序\string类的实现\string类的实现\debug\string类的实现.vcxprojresolveassemblyreference.cache
g:\我的坚果云\比特c语言上课程序\string类的实现\string类的实现\debug\cl.command.1.tlog
g:\我的坚果云\比特c语言上课程序\string类的实现\string类的实现\debug\cl.read.1.tlog
g:\我的坚果云\比特c语言上课程序\string类的实现\string类的实现\debug\cl.write.1.tlog
g:\我的坚果云\比特c语言上课程序\string类的实现\string类的实现\debug\link-cvtres.read.1.tlog
g:\我的坚果云\比特c语言上课程序\string类的实现\string类的实现\debug\link-cvtres.write.1.tlog
g:\我的坚果云\比特c语言上课程序\string类的实现\string类的实现\debug\link.1400-cvtres.read.1.tlog
g:\我的坚果云\比特c语言上课程序\string类的实现\string类的实现\debug\link.1400-cvtres.write.1.tlog
g:\我的坚果云\比特c语言上课程序\string类的实现\string类的实现\debug\link.1400.read.1.tlog
g:\我的坚果云\比特c语言上课程序\string类的实现\string类的实现\debug\link.1400.write.1.tlog
g:\我的坚果云\比特c语言上课程序\string类的实现\string类的实现\debug\link.7344-cvtres.read.1.tlog
g:\我的坚果云\比特c语言上课程序\string类的实现\string类的实现\debug\link.7344-cvtres.write.1.tlog
g:\我的坚果云\比特c语言上课程序\string类的实现\string类的实现\debug\link.7344.read.1.tlog
g:\我的坚果云\比特c语言上课程序\string类的实现\string类的实现\debug\link.7344.write.1.tlog
g:\我的坚果云\比特c语言上课程序\string类的实现\string类的实现\debug\link.command.1.tlog
g:\我的坚果云\比特c语言上课程序\string类的实现\string类的实现\debug\link.read.1.tlog
g:\我的坚果云\比特c语言上课程序\string类的实现\string类的实现\debug\link.write.1.tlog
g:\我的坚果云\比特c语言上课程序\string类的实现\string类的实现\debug\mt.command.1.tlog
g:\我的坚果云\比特c语言上课程序\string类的实现\string类的实现\debug\mt.read.1.tlog
g:\我的坚果云\比特c语言上课程序\string类的实现\string类的实现\debug\mt.write.1.tlog
g:\我的坚果云\比特c语言上课程序\string类的实现\string类的实现\debug\rc.command.1.tlog
g:\我的坚果云\比特c语言上课程序\string类的实现\string类的实现\debug\rc.read.1.tlog
g:\我的坚果云\比特c语言上课程序\string类的实现\string类的实现\debug\rc.write.1.tlog
g:\我的坚果云\比特c语言上课程序\string类的实现\string类的实现\debug\string类的实现.write.1.tlog
g:\我的坚果云\比特c语言上课程序\string类的实现\string类的实现\debug\string类的实现.exe.embed.manifest
g:\我的坚果云\比特c语言上课程序\string类的实现\string类的实现\debug\vc100.idb
g:\我的坚果云\比特c语言上课程序\string类的实现\string类的实现\debug\string类的实现_manifest.rc
g:\我的坚果云\比特c语言上课程序\string类的实现\string类的实现\debug\string类的实现.tlog\cl.command.1.tlog
g:\我的坚果云\比特c语言上课程序\string类的实现\string类的实现\debug\string类的实现.tlog\cl.read.1.tlog
g:\我的坚果云\比特c语言上课程序\string类的实现\string类的实现\debug\string类的实现.tlog\cl.write.1.tlog
g:\我的坚果云\比特c语言上课程序\string类的实现\string类的实现\debug\string类的实现.tlog\link-cvtres.read.1.tlog
g:\我的坚果云\比特c语言上课程序\string类的实现\string类的实现\debug\string类的实现.tlog\link-cvtres.write.1.tlog
g:\我的坚果云\比特c语言上课程序\string类的实现\string类的实现\debug\string类的实现.tlog\link-rc.read.1.tlog
g:\我的坚果云\比特c语言上课程序\string类的实现\string类的实现\debug\string类的实现.tlog\link-rc.write.1.tlog
g:\我的坚果云\比特c语言上课程序\string类的实现\string类的实现\debug\string类的实现.tlog\link.command.1.tlog
g:\我的坚果云\比特c语言上课程序\string类的实现\string类的实现\debug\string类的实现.tlog\link.read.1.tlog
g:\我的坚果云\比特c语言上课程序\string类的实现\string类的实现\debug\string类的实现.tlog\link.write.1.tlog
