f:\比特c语言上课程序\深拷贝和浅拷贝\深拷贝和浅拷贝\debug\main.obj
f:\比特c语言上课程序\深拷贝和浅拷贝\深拷贝和浅拷贝\debug\vc100.pdb
f:\比特c语言上课程序\深拷贝和浅拷贝\debug\深拷贝和浅拷贝.ilk
f:\比特c语言上课程序\深拷贝和浅拷贝\debug\深拷贝和浅拷贝.exe
f:\比特c语言上课程序\深拷贝和浅拷贝\深拷贝和浅拷贝\debug\深拷贝和浅拷贝.exe.intermediate.manifest
f:\比特c语言上课程序\深拷贝和浅拷贝\debug\深拷贝和浅拷贝.pdb
f:\比特c语言上课程序\深拷贝和浅拷贝\深拷贝和浅拷贝\debug\深拷贝和浅拷贝.exe.embed.manifest
f:\比特c语言上课程序\深拷贝和浅拷贝\深拷贝和浅拷贝\debug\深拷贝和浅拷贝.exe.embed.manifest.res
g:\我的坚果云\比特c语言上课程序\深拷贝和浅拷贝\深拷贝和浅拷贝\debug\vc140.pdb
g:\我的坚果云\比特c语言上课程序\深拷贝和浅拷贝\深拷贝和浅拷贝\debug\vc140.idb
g:\我的坚果云\比特c语言上课程序\深拷贝和浅拷贝\深拷贝和浅拷贝\debug\main.obj
g:\我的坚果云\比特c语言上课程序\深拷贝和浅拷贝\深拷贝和浅拷贝\debug\深拷贝和浅拷贝.vcxprojresolveassemblyreference.cache
g:\我的坚果云\比特c语言上课程序\深拷贝和浅拷贝\深拷贝和浅拷贝\debug\cl.command.1.tlog
g:\我的坚果云\比特c语言上课程序\深拷贝和浅拷贝\深拷贝和浅拷贝\debug\cl.read.1.tlog
g:\我的坚果云\比特c语言上课程序\深拷贝和浅拷贝\深拷贝和浅拷贝\debug\cl.write.1.tlog
g:\我的坚果云\比特c语言上课程序\深拷贝和浅拷贝\深拷贝和浅拷贝\debug\link-cvtres.read.1.tlog
g:\我的坚果云\比特c语言上课程序\深拷贝和浅拷贝\深拷贝和浅拷贝\debug\link-cvtres.write.1.tlog
g:\我的坚果云\比特c语言上课程序\深拷贝和浅拷贝\深拷贝和浅拷贝\debug\link.5172-cvtres.read.1.tlog
g:\我的坚果云\比特c语言上课程序\深拷贝和浅拷贝\深拷贝和浅拷贝\debug\link.5172-cvtres.write.1.tlog
g:\我的坚果云\比特c语言上课程序\深拷贝和浅拷贝\深拷贝和浅拷贝\debug\link.5172.read.1.tlog
g:\我的坚果云\比特c语言上课程序\深拷贝和浅拷贝\深拷贝和浅拷贝\debug\link.5172.write.1.tlog
g:\我的坚果云\比特c语言上课程序\深拷贝和浅拷贝\深拷贝和浅拷贝\debug\link.7904-cvtres.read.1.tlog
g:\我的坚果云\比特c语言上课程序\深拷贝和浅拷贝\深拷贝和浅拷贝\debug\link.7904-cvtres.write.1.tlog
g:\我的坚果云\比特c语言上课程序\深拷贝和浅拷贝\深拷贝和浅拷贝\debug\link.7904.read.1.tlog
g:\我的坚果云\比特c语言上课程序\深拷贝和浅拷贝\深拷贝和浅拷贝\debug\link.7904.write.1.tlog
g:\我的坚果云\比特c语言上课程序\深拷贝和浅拷贝\深拷贝和浅拷贝\debug\link.command.1.tlog
g:\我的坚果云\比特c语言上课程序\深拷贝和浅拷贝\深拷贝和浅拷贝\debug\link.read.1.tlog
g:\我的坚果云\比特c语言上课程序\深拷贝和浅拷贝\深拷贝和浅拷贝\debug\link.write.1.tlog
g:\我的坚果云\比特c语言上课程序\深拷贝和浅拷贝\深拷贝和浅拷贝\debug\mt.command.1.tlog
g:\我的坚果云\比特c语言上课程序\深拷贝和浅拷贝\深拷贝和浅拷贝\debug\mt.read.1.tlog
g:\我的坚果云\比特c语言上课程序\深拷贝和浅拷贝\深拷贝和浅拷贝\debug\mt.write.1.tlog
g:\我的坚果云\比特c语言上课程序\深拷贝和浅拷贝\深拷贝和浅拷贝\debug\rc.command.1.tlog
g:\我的坚果云\比特c语言上课程序\深拷贝和浅拷贝\深拷贝和浅拷贝\debug\rc.read.1.tlog
g:\我的坚果云\比特c语言上课程序\深拷贝和浅拷贝\深拷贝和浅拷贝\debug\rc.write.1.tlog
g:\我的坚果云\比特c语言上课程序\深拷贝和浅拷贝\深拷贝和浅拷贝\debug\深拷贝和浅拷贝.write.1.tlog
g:\我的坚果云\比特c语言上课程序\深拷贝和浅拷贝\深拷贝和浅拷贝\debug\深拷贝和浅拷贝.exe.embed.manifest
g:\我的坚果云\比特c语言上课程序\深拷贝和浅拷贝\深拷贝和浅拷贝\debug\深拷贝和浅拷贝.exe.intermediate.manifest
g:\我的坚果云\比特c语言上课程序\深拷贝和浅拷贝\深拷贝和浅拷贝\debug\深拷贝和浅拷贝.exe.embed.manifest.res
g:\我的坚果云\比特c语言上课程序\深拷贝和浅拷贝\深拷贝和浅拷贝\debug\vc100.idb
g:\我的坚果云\比特c语言上课程序\深拷贝和浅拷贝\深拷贝和浅拷贝\debug\vc100.pdb
g:\我的坚果云\比特c语言上课程序\深拷贝和浅拷贝\深拷贝和浅拷贝\debug\深拷贝和浅拷贝_manifest.rc
g:\我的坚果云\比特c语言上课程序\深拷贝和浅拷贝\debug\深拷贝和浅拷贝.pdb
g:\我的坚果云\比特c语言上课程序\深拷贝和浅拷贝\深拷贝和浅拷贝\debug\深拷贝和浅拷贝.tlog\cl.command.1.tlog
g:\我的坚果云\比特c语言上课程序\深拷贝和浅拷贝\深拷贝和浅拷贝\debug\深拷贝和浅拷贝.tlog\cl.read.1.tlog
g:\我的坚果云\比特c语言上课程序\深拷贝和浅拷贝\深拷贝和浅拷贝\debug\深拷贝和浅拷贝.tlog\cl.write.1.tlog
g:\我的坚果云\比特c语言上课程序\深拷贝和浅拷贝\深拷贝和浅拷贝\debug\深拷贝和浅拷贝.tlog\link-cvtres.read.1.tlog
g:\我的坚果云\比特c语言上课程序\深拷贝和浅拷贝\深拷贝和浅拷贝\debug\深拷贝和浅拷贝.tlog\link-cvtres.write.1.tlog
g:\我的坚果云\比特c语言上课程序\深拷贝和浅拷贝\深拷贝和浅拷贝\debug\深拷贝和浅拷贝.tlog\link-rc.read.1.tlog
g:\我的坚果云\比特c语言上课程序\深拷贝和浅拷贝\深拷贝和浅拷贝\debug\深拷贝和浅拷贝.tlog\link-rc.write.1.tlog
g:\我的坚果云\比特c语言上课程序\深拷贝和浅拷贝\深拷贝和浅拷贝\debug\深拷贝和浅拷贝.tlog\link.command.1.tlog
g:\我的坚果云\比特c语言上课程序\深拷贝和浅拷贝\深拷贝和浅拷贝\debug\深拷贝和浅拷贝.tlog\link.read.1.tlog
g:\我的坚果云\比特c语言上课程序\深拷贝和浅拷贝\深拷贝和浅拷贝\debug\深拷贝和浅拷贝.tlog\link.write.1.tlog
